  AppLogic.cpp
  AppView.cpp
  CameraManager.cpp
  ChromaKeyManager.cpp
  D3D11MultiLayerView.cpp
  D3D11Renderer.cpp
  D3D11Shaders.cpp
  DataStreamer.cpp
  GfxContext.cpp
  Globals.cpp
  HeadlessView.cpp
  main.cpp
  MarkerTracker.cpp
  MRScene.cpp
  MultiLayerView.cpp
  Renderer.cpp
  Scene.cpp
  SyncView.cpp
  UI.cpp
  Generating Code...
ImGui.lib(imgui.obj) : warning LNK4099: PDB 'ImGui.pdb' was not found with 'ImGui.lib(imgui.obj)' or at 'C:\Users\acevedo\Documents\Visual Studio 2019\Varjo\Simulator\build-vs-debug\bin\ImGui.pdb'; linking object as if no debug info
ImGui.lib(imgui_widgets.obj) : warning LNK4099: PDB 'ImGui.pdb' was not found with 'ImGui.lib(imgui_widgets.obj)' or at 'C:\Users\acevedo\Documents\Visual Studio 2019\Varjo\Simulator\build-vs-debug\bin\ImGui.pdb'; linking object as if no debug info
ImGui.lib(imgui_draw.obj) : warning LNK4099: PDB 'ImGui.pdb' was not found with 'ImGui.lib(imgui_draw.obj)' or at 'C:\Users\acevedo\Documents\Visual Studio 2019\Varjo\Simulator\build-vs-debug\bin\ImGui.pdb'; linking object as if no debug info
ImGui.lib(imgui_tables.obj) : warning LNK4099: PDB 'ImGui.pdb' was not found with 'ImGui.lib(imgui_tables.obj)' or at 'C:\Users\acevedo\Documents\Visual Studio 2019\Varjo\Simulator\build-vs-debug\bin\ImGui.pdb'; linking object as if no debug info
ImGuiBackends.lib(imgui_impl_win32.obj) : warning LNK4099: PDB 'ImGuiBackends.pdb' was not found with 'ImGuiBackends.lib(imgui_impl_win32.obj)' or at 'C:\Users\acevedo\Documents\Visual Studio 2019\Varjo\Simulator\build-vs-debug\bin\ImGuiBackends.pdb'; linking object as if no debug info
ImGuiBackends.lib(imgui_impl_dx11.obj) : warning LNK4099: PDB 'ImGuiBackends.pdb' was not found with 'ImGuiBackends.lib(imgui_impl_dx11.obj)' or at 'C:\Users\acevedo\Documents\Visual Studio 2019\Varjo\Simulator\build-vs-debug\bin\ImGuiBackends.pdb'; linking object as if no debug info
  Simulator.vcxproj -> C:\Users\acevedo\Documents\Visual Studio 2019\Varjo\Simulator\build-vs-debug\bin\Simulator.exe
