c:\users\acevedo\documents\visual studio 2019\varjo\simulator\simulator\debug\vc142.pdb
c:\users\acevedo\documents\visual studio 2019\varjo\simulator\simulator\debug\ui.obj
c:\users\acevedo\documents\visual studio 2019\varjo\simulator\simulator\debug\syncview.obj
c:\users\acevedo\documents\visual studio 2019\varjo\simulator\simulator\debug\scene.obj
c:\users\acevedo\documents\visual studio 2019\varjo\simulator\simulator\debug\renderer.obj
c:\users\acevedo\documents\visual studio 2019\varjo\simulator\simulator\debug\multilayerview.obj
c:\users\acevedo\documents\visual studio 2019\varjo\simulator\simulator\debug\markertracker.obj
c:\users\acevedo\documents\visual studio 2019\varjo\simulator\simulator\debug\headlessview.obj
c:\users\acevedo\documents\visual studio 2019\varjo\simulator\simulator\debug\globals.obj
c:\users\acevedo\documents\visual studio 2019\varjo\simulator\simulator\debug\gfxcontext.obj
c:\users\acevedo\documents\visual studio 2019\varjo\simulator\simulator\debug\datastreamer.obj
c:\users\acevedo\documents\visual studio 2019\varjo\simulator\simulator\debug\d3d11shaders.obj
c:\users\acevedo\documents\visual studio 2019\varjo\simulator\simulator\debug\d3d11renderer.obj
c:\users\acevedo\documents\visual studio 2019\varjo\simulator\simulator\debug\d3d11multilayerview.obj
c:\users\acevedo\documents\visual studio 2019\varjo\simulator\simulator\debug\chromakeymanager.obj
c:\users\acevedo\documents\visual studio 2019\varjo\simulator\simulator\debug\cameramanager.obj
c:\users\acevedo\documents\visual studio 2019\varjo\simulator\simulator\debug\mrscene.obj
c:\users\acevedo\documents\visual studio 2019\varjo\simulator\simulator\debug\main.obj
c:\users\acevedo\documents\visual studio 2019\varjo\simulator\simulator\debug\appview.obj
c:\users\acevedo\documents\visual studio 2019\varjo\simulator\simulator\debug\applogic.obj
c:\users\acevedo\documents\visual studio 2019\varjo\simulator\build-vs-debug\bin\simulator.exe
c:\users\acevedo\documents\visual studio 2019\varjo\simulator\simulator\debug\simulator.ilk
c:\users\acevedo\documents\visual studio 2019\varjo\simulator\build-vs-debug\bin\simulator.pdb
c:\users\acevedo\documents\visual studio 2019\varjo\simulator\simulator\debug\simulator.tlog\cl.command.1.tlog
c:\users\acevedo\documents\visual studio 2019\varjo\simulator\simulator\debug\simulator.tlog\cl.read.1.tlog
c:\users\acevedo\documents\visual studio 2019\varjo\simulator\simulator\debug\simulator.tlog\cl.write.1.tlog
c:\users\acevedo\documents\visual studio 2019\varjo\simulator\simulator\debug\simulator.tlog\link.command.1.tlog
c:\users\acevedo\documents\visual studio 2019\varjo\simulator\simulator\debug\simulator.tlog\link.read.1.tlog
c:\users\acevedo\documents\visual studio 2019\varjo\simulator\simulator\debug\simulator.tlog\link.write.1.tlog
