  AppLogic.cpp
C:\Users\acevedo\Documents\Visual Studio 2019\Varjo\Simulator\src\AppLogic.hpp(7,10): fatal error C1083: Cannot open include file: 'glm/glm.hpp': No such file or directory
  AppView.cpp
C:\Users\acevedo\Documents\Visual Studio 2019\Varjo\Simulator\src\AppView.hpp(6,10): fatal error C1083: Cannot open include file: 'glm/glm.hpp': No such file or directory
  CameraManager.cpp
C:\Users\acevedo\Documents\Visual Studio 2019\Varjo\Simulator\src\CameraManager.hpp(8,10): fatal error C1083: Cannot open include file: 'Varjo_mr.h': No such file or directory
  ChromaKeyManager.cpp
C:\Users\acevedo\Documents\Visual Studio 2019\Varjo\Simulator\src\ChromaKeyManager.hpp(7,10): fatal error C1083: Cannot open include file: 'glm/vec3.hpp': No such file or directory
  D3D11MultiLayerView.cpp
C:\Users\acevedo\Documents\Visual Studio 2019\Varjo\Simulator\src\Globals.hpp(15,10): fatal error C1083: Cannot open include file: 'glm/glm.hpp': No such file or directory
  D3D11Renderer.cpp
C:\Users\acevedo\Documents\Visual Studio 2019\Varjo\Simulator\src\Globals.hpp(15,10): fatal error C1083: Cannot open include file: 'glm/glm.hpp': No such file or directory
  D3D11Shaders.cpp
C:\Users\acevedo\Documents\Visual Studio 2019\Varjo\Simulator\src\Globals.hpp(15,10): fatal error C1083: Cannot open include file: 'glm/glm.hpp': No such file or directory
  DataStreamer.cpp
C:\Users\acevedo\Documents\Visual Studio 2019\Varjo\Simulator\src\DataStreamer.hpp(13,10): fatal error C1083: Cannot open include file: 'Varjo_datastream.h': No such file or directory
  GfxContext.cpp
C:\Users\acevedo\Documents\Visual Studio 2019\Varjo\Simulator\src\Globals.hpp(15,10): fatal error C1083: Cannot open include file: 'glm/glm.hpp': No such file or directory
  Globals.cpp
C:\Users\acevedo\Documents\Visual Studio 2019\Varjo\Simulator\src\Globals.hpp(15,10): fatal error C1083: Cannot open include file: 'glm/glm.hpp': No such file or directory
  HeadlessView.cpp
C:\Users\acevedo\Documents\Visual Studio 2019\Varjo\Simulator\src\HeadlessView.hpp(5,10): fatal error C1083: Cannot open include file: 'Varjo_layers.h': No such file or directory
  main.cpp
C:\Users\acevedo\Documents\Visual Studio 2019\Varjo\Simulator\src\Globals.hpp(15,10): fatal error C1083: Cannot open include file: 'glm/glm.hpp': No such file or directory
  MarkerTracker.cpp
C:\Users\acevedo\Documents\Visual Studio 2019\Varjo\Simulator\src\MarkerTracker.hpp(10,10): fatal error C1083: Cannot open include file: 'Varjo.h': No such file or directory
  MRScene.cpp
C:\Users\acevedo\Documents\Visual Studio 2019\Varjo\Simulator\src\Globals.hpp(15,10): fatal error C1083: Cannot open include file: 'glm/glm.hpp': No such file or directory
  MultiLayerView.cpp
C:\Users\acevedo\Documents\Visual Studio 2019\Varjo\Simulator\src\MultiLayerView.hpp(9,10): fatal error C1083: Cannot open include file: 'Varjo_layers.h': No such file or directory
  Renderer.cpp
C:\Users\acevedo\Documents\Visual Studio 2019\Varjo\Simulator\src\Globals.hpp(15,10): fatal error C1083: Cannot open include file: 'glm/glm.hpp': No such file or directory
  Scene.cpp
C:\Users\acevedo\Documents\Visual Studio 2019\Varjo\Simulator\src\Globals.hpp(15,10): fatal error C1083: Cannot open include file: 'glm/glm.hpp': No such file or directory
  SyncView.cpp
C:\Users\acevedo\Documents\Visual Studio 2019\Varjo\Simulator\src\SyncView.hpp(5,10): fatal error C1083: Cannot open include file: 'Varjo_layers.h': No such file or directory
  UI.cpp
C:\Users\acevedo\Documents\Visual Studio 2019\Varjo\Simulator\src\UI.hpp(6,10): fatal error C1083: Cannot open include file: 'imgui.h': No such file or directory
  Generating Code...
